17-Jan-2020 17:15:44.953 信息 [main] org.apache.catalina.startup.VersionLoggerListener.log Server.服务器版本:     Apache Tomcat/8.5.50
17-Jan-2020 17:15:44.962 信息 [main] org.apache.catalina.startup.VersionLoggerListener.log 服务器构建:            Dec 7 2019 19:19:46 UTC
17-Jan-2020 17:15:44.964 信息 [main] org.apache.catalina.startup.VersionLoggerListener.log 服务器版本号(：8.5.50.0
17-Jan-2020 17:15:44.964 信息 [main] org.apache.catalina.startup.VersionLoggerListener.log OS Name:               Windows 10
17-Jan-2020 17:15:44.964 信息 [main] org.apache.catalina.startup.VersionLoggerListener.log OS.版本:               10.0
17-Jan-2020 17:15:44.965 信息 [main] org.apache.catalina.startup.VersionLoggerListener.log 架构:                  amd64
17-Jan-2020 17:15:44.965 信息 [main] org.apache.catalina.startup.VersionLoggerListener.log Java 环境变量:         F:\Java\jdk-12
17-Jan-2020 17:15:44.965 信息 [main] org.apache.catalina.startup.VersionLoggerListener.log JVM 版本:              12+33
17-Jan-2020 17:15:44.965 信息 [main] org.apache.catalina.startup.VersionLoggerListener.log JVM.供应商:            Oracle Corporation
17-Jan-2020 17:15:44.966 信息 [main] org.apache.catalina.startup.VersionLoggerListener.log CATALINA_BASE:         F:\OneDrive\JAVA WEB\apache-tomcat-8.5.50
17-Jan-2020 17:15:44.966 信息 [main] org.apache.catalina.startup.VersionLoggerListener.log CATALINA_HOME:         F:\OneDrive\JAVA WEB\apache-tomcat-8.5.50
17-Jan-2020 17:15:44.966 信息 [main] org.apache.catalina.startup.VersionLoggerListener.log Command line argument: --add-opens=java.base/java.lang=ALL-UNNAMED
17-Jan-2020 17:15:44.966 信息 [main] org.apache.catalina.startup.VersionLoggerListener.log Command line argument: --add-opens=java.base/java.io=ALL-UNNAMED
17-Jan-2020 17:15:44.967 信息 [main] org.apache.catalina.startup.VersionLoggerListener.log Command line argument: --add-opens=java.rmi/sun.rmi.transport=ALL-UNNAMED
17-Jan-2020 17:15:44.967 信息 [main] org.apache.catalina.startup.VersionLoggerListener.log Command line argument: -Djava.util.logging.config.file=F:\OneDrive\JAVA WEB\apache-tomcat-8.5.50\conf\logging.properties
17-Jan-2020 17:15:44.967 信息 [main] org.apache.catalina.startup.VersionLoggerListener.log Command line argument: -Djava.util.logging.manager=org.apache.juli.ClassLoaderLogManager
17-Jan-2020 17:15:44.967 信息 [main] org.apache.catalina.startup.VersionLoggerListener.log Command line argument: -Djdk.tls.ephemeralDHKeySize=2048
17-Jan-2020 17:15:44.968 信息 [main] org.apache.catalina.startup.VersionLoggerListener.log Command line argument: -Djava.protocol.handler.pkgs=org.apache.catalina.webresources
17-Jan-2020 17:15:44.968 信息 [main] org.apache.catalina.startup.VersionLoggerListener.log Command line argument: -Dignore.endorsed.dirs=
17-Jan-2020 17:15:44.968 信息 [main] org.apache.catalina.startup.VersionLoggerListener.log Command line argument: -Dcatalina.base=F:\OneDrive\JAVA WEB\apache-tomcat-8.5.50
17-Jan-2020 17:15:44.968 信息 [main] org.apache.catalina.startup.VersionLoggerListener.log Command line argument: -Dcatalina.home=F:\OneDrive\JAVA WEB\apache-tomcat-8.5.50
17-Jan-2020 17:15:44.969 信息 [main] org.apache.catalina.startup.VersionLoggerListener.log Command line argument: -Djava.io.tmpdir=F:\OneDrive\JAVA WEB\apache-tomcat-8.5.50\temp
17-Jan-2020 17:15:44.969 信息 [main] org.apache.catalina.core.AprLifecycleListener.lifecycleEvent The APR based Apache Tomcat Native library which allows optimal performance in production environments was not found on the java.library.path: [F:\Java\jdk-12\bin;C:\Windows\Sun\Java\bin;C:\Windows\system32;C:\Windows;C:\Windows\system32;C:\Windows;C:\Windows\System32\Wbem;C:\Windows\System32\WindowsPowerShell\v1.0\;C:\Windows\System32\OpenSSH\;C:\Program Files (x86)\NVIDIA Corporation\PhysX\Common;C:\Program Files\NVIDIA Corporation\NVIDIA NvDLISR;f:\Git\cmd;f:\nodejs\;F:\Java\jdk-12\bin;F:\Java\jdk-12\jre\bin;C:\Program Files\Microsoft SQL Server\Client SDK\ODBC\110\Tools\Binn\;C:\Program Files (x86)\Microsoft SQL Server\120\Tools\Binn\;C:\Program Files\Microsoft SQL Server\120\Tools\Binn\;C:\Program Files\Microsoft SQL Server\120\DTS\Binn\;C:\Program Files\MySQL\MySQL Server 5.7\bin;F:\Python\Python38-32\Scripts\;F:\Python\Python38-32\;C:\Users\SongYu\AppData\Local\Microsoft\WindowsApps;C:\Users\SongYu\AppData\Roaming\npm;f:\Bandizip\;.]
17-Jan-2020 17:15:45.022 信息 [main] org.apache.coyote.AbstractProtocol.init 初始化协议处理器 ["http-nio-8080"]
17-Jan-2020 17:15:45.172 信息 [main] org.apache.tomcat.util.net.NioSelectorPool.getSharedSelector Using a shared selector for servlet write/read
17-Jan-2020 17:15:45.188 信息 [main] org.apache.coyote.AbstractProtocol.init 初始化协议处理器 ["ajp-nio-8009"]
17-Jan-2020 17:15:45.196 信息 [main] org.apache.tomcat.util.net.NioSelectorPool.getSharedSelector Using a shared selector for servlet write/read
17-Jan-2020 17:15:45.198 信息 [main] org.apache.catalina.startup.Catalina.load Initialization processed in 1419 ms
17-Jan-2020 17:15:45.623 信息 [main] org.apache.catalina.core.StandardService.startInternal Starting service [Catalina]
17-Jan-2020 17:15:45.623 信息 [main] org.apache.catalina.core.StandardEngine.startInternal Starting Servlet Engine: Apache Tomcat/8.5.50
17-Jan-2020 17:15:45.641 信息 [localhost-startStop-1] org.apache.catalina.startup.HostConfig.deployDirectory 把web 应用程序部署到目录 [F:\OneDrive\JAVA WEB\apache-tomcat-8.5.50\webapps\docs]
17-Jan-2020 17:15:48.158 信息 [localhost-startStop-1] org.apache.catalina.startup.HostConfig.deployDirectory Deployment of web application directory [F:\OneDrive\JAVA WEB\apache-tomcat-8.5.50\webapps\docs] has finished in [2,514] ms
17-Jan-2020 17:15:48.158 信息 [localhost-startStop-1] org.apache.catalina.startup.HostConfig.deployDirectory 把web 应用程序部署到目录 [F:\OneDrive\JAVA WEB\apache-tomcat-8.5.50\webapps\examples]
17-Jan-2020 17:16:38.790 信息 [localhost-startStop-1] org.apache.catalina.startup.HostConfig.deployDirectory Deployment of web application directory [F:\OneDrive\JAVA WEB\apache-tomcat-8.5.50\webapps\examples] has finished in [50,631] ms
17-Jan-2020 17:16:38.790 信息 [localhost-startStop-1] org.apache.catalina.startup.HostConfig.deployDirectory 把web 应用程序部署到目录 [F:\OneDrive\JAVA WEB\apache-tomcat-8.5.50\webapps\host-manager]
17-Jan-2020 17:16:39.519 信息 [localhost-startStop-1] org.apache.catalina.startup.HostConfig.deployDirectory Deployment of web application directory [F:\OneDrive\JAVA WEB\apache-tomcat-8.5.50\webapps\host-manager] has finished in [729] ms
17-Jan-2020 17:16:39.520 信息 [localhost-startStop-1] org.apache.catalina.startup.HostConfig.deployDirectory 把web 应用程序部署到目录 [F:\OneDrive\JAVA WEB\apache-tomcat-8.5.50\webapps\manager]
17-Jan-2020 17:16:40.268 信息 [localhost-startStop-1] org.apache.catalina.startup.HostConfig.deployDirectory Deployment of web application directory [F:\OneDrive\JAVA WEB\apache-tomcat-8.5.50\webapps\manager] has finished in [748] ms
17-Jan-2020 17:16:40.269 信息 [localhost-startStop-1] org.apache.catalina.startup.HostConfig.deployDirectory 把web 应用程序部署到目录 [F:\OneDrive\JAVA WEB\apache-tomcat-8.5.50\webapps\ROOT]
17-Jan-2020 17:16:40.660 信息 [localhost-startStop-1] org.apache.catalina.startup.HostConfig.deployDirectory Deployment of web application directory [F:\OneDrive\JAVA WEB\apache-tomcat-8.5.50\webapps\ROOT] has finished in [391] ms
17-Jan-2020 17:16:40.665 信息 [main] org.apache.coyote.AbstractProtocol.start 开始协议处理句柄["http-nio-8080"]
17-Jan-2020 17:16:40.676 信息 [main] org.apache.coyote.AbstractProtocol.start 开始协议处理句柄["ajp-nio-8009"]
17-Jan-2020 17:16:40.679 信息 [main] org.apache.catalina.startup.Catalina.start Server startup in 55479 ms
